<?xml version="1.0" encoding="UTF-8"?>
<testsuite name="InvoiceServiceTest" tests="1" skipped="0" failures="0" errors="0" timestamp="2020-10-31T05:36:39" hostname="DESKTOP-25DPEJS" time="0.016">
  <properties/>
  <testcase name="givenMultipleRides_ShouldReturnInvoiceSummary" classname="InvoiceServiceTest" time="0.016"/>
  <system-out><![CDATA[]]></system-out>
  <system-err><![CDATA[]]></system-err>
</testsuite>
