<?xml version="1.0" encoding="UTF-8"?>
<testsuite name="InvoiceServiceTest" tests="3" skipped="0" failures="0" errors="0" timestamp="2020-11-02T14:06:00" hostname="DESKTOP-25DPEJS" time="0.019">
  <properties/>
  <testcase name="givenLessDistanceAndTime_ShouldReturnMinFare" classname="InvoiceServiceTest" time="0.007"/>
  <testcase name="givenDistanceAndTime_ShouldReturnTotalFare" classname="InvoiceServiceTest" time="0.001"/>
  <testcase name="givenMultipleRides_ShouldReturnInvoiceSummary" classname="InvoiceServiceTest" time="0.005"/>
  <system-out><![CDATA[]]></system-out>
  <system-err><![CDATA[]]></system-err>
</testsuite>
