<?xml version="1.0" encoding="UTF-8"?>
<testsuite name="InvoiceServiceTest" tests="1" skipped="0" failures="0" errors="0" timestamp="2020-10-28T04:18:06" hostname="DESKTOP-25DPEJS" time="0.009">
  <properties/>
  <testcase name="givenLessDistanceAndTime_ShouldReturnMinFare" classname="InvoiceServiceTest" time="0.009"/>
  <system-out><![CDATA[]]></system-out>
  <system-err><![CDATA[]]></system-err>
</testsuite>
